{"type":"server-started","port":62157,"host":"127.0.0.1","url_host":"localhost","url":"http://localhost:62157","screen_dir":"/Users/chanpark/fitness-pico/.superpowers/brainstorm/9209-1775091448/content","state_dir":"/Users/chanpark/fitness-pico/.superpowers/brainstorm/9209-1775091448/state"}
{"type":"screen-added","file":"/Users/chanpark/fitness-pico/.superpowers/brainstorm/9209-1775091448/content/rfid-interaction.html"}
{"source":"user-event","type":"click","text":"A\n    \n      로그인 전용\n      카드 태그 → 사용자 전환 → HTML 버튼으로 시작/종료\n      기존 대시보드 버튼 방식 유지. 카드는 \"나 이 사람이야\" 역할만.","choice":"a","id":null,"timestamp":1775091584526}
{"source":"user-event","type":"click","text":"A\n    \n      로그인 전용\n      카드 태그 → 사용자 전환 → HTML 버튼으로 시작/종료\n      기존 대시보드 버튼 방식 유지. 카드는 \"나 이 사람이야\" 역할만.","choice":"a","id":null,"timestamp":1775091587341}
{"source":"user-event","type":"click","text":"A\n    \n      로그인 전용\n      카드 태그 → 사용자 전환 → HTML 버튼으로 시작/종료\n      기존 대시보드 버튼 방식 유지. 카드는 \"나 이 사람이야\" 역할만.","choice":"a","id":null,"timestamp":1775091594507}
{"source":"user-event","type":"click","text":"A\n    \n      로그인 전용\n      카드 태그 → 사용자 전환 → HTML 버튼으로 시작/종료\n      기존 대시보드 버튼 방식 유지. 카드는 \"나 이 사람이야\" 역할만.","choice":"a","id":null,"timestamp":1775091594691}
{"source":"user-event","type":"click","text":"A\n    \n      로그인 전용\n      카드 태그 → 사용자 전환 → HTML 버튼으로 시작/종료\n      기존 대시보드 버튼 방식 유지. 카드는 \"나 이 사람이야\" 역할만.","choice":"a","id":null,"timestamp":1775091607773}
{"source":"user-event","type":"click","text":"A\n    \n      로그인 전용\n      카드 태그 → 사용자 전환 → HTML 버튼으로 시작/종료\n      기존 대시보드 버튼 방식 유지. 카드는 \"나 이 사람이야\" 역할만.","choice":"a","id":null,"timestamp":1775091610341}
{"source":"user-event","type":"click","text":"A\n    \n      로그인 전용\n      카드 태그 → 사용자 전환 → HTML 버튼으로 시작/종료\n      기존 대시보드 버튼 방식 유지. 카드는 \"나 이 사람이야\" 역할만.","choice":"a","id":null,"timestamp":1775091610491}
{"source":"user-event","type":"click","text":"A\n    \n      로그인 전용\n      카드 태그 → 사용자 전환 → HTML 버튼으로 시작/종료\n      기존 대시보드 버튼 방식 유지. 카드는 \"나 이 사람이야\" 역할만.","choice":"a","id":null,"timestamp":1775091618507}
{"source":"user-event","type":"click","text":"A\n    \n      로그인 전용\n      카드 태그 → 사용자 전환 → HTML 버튼으로 시작/종료\n      기존 대시보드 버튼 방식 유지. 카드는 \"나 이 사람이야\" 역할만.","choice":"a","id":null,"timestamp":1775091618674}
{"source":"user-event","type":"click","text":"A\n    \n      로그인 전용\n      카드 태그 → 사용자 전환 → HTML 버튼으로 시작/종료\n      기존 대시보드 버튼 방식 유지. 카드는 \"나 이 사람이야\" 역할만.","choice":"a","id":null,"timestamp":1775091618841}
{"source":"user-event","type":"click","text":"A\n    \n      로그인 전용\n      카드 태그 → 사용자 전환 → HTML 버튼으로 시작/종료\n      기존 대시보드 버튼 방식 유지. 카드는 \"나 이 사람이야\" 역할만.","choice":"a","id":null,"timestamp":1775091619007}
{"source":"user-event","type":"click","text":"A\n    \n      로그인 전용\n      카드 태그 → 사용자 전환 → HTML 버튼으로 시작/종료\n      기존 대시보드 버튼 방식 유지. 카드는 \"나 이 사람이야\" 역할만.","choice":"a","id":null,"timestamp":1775091619991}
{"source":"user-event","type":"click","text":"A\n    \n      로그인 전용\n      카드 태그 → 사용자 전환 → HTML 버튼으로 시작/종료\n      기존 대시보드 버튼 방식 유지. 카드는 \"나 이 사람이야\" 역할만.","choice":"a","id":null,"timestamp":1775091621574}
{"source":"user-event","type":"click","text":"A\n    \n      로그인 전용\n      카드 태그 → 사용자 전환 → HTML 버튼으로 시작/종료\n      기존 대시보드 버튼 방식 유지. 카드는 \"나 이 사람이야\" 역할만.","choice":"a","id":null,"timestamp":1775091622324}
{"source":"user-event","type":"click","text":"A\n    \n      로그인 전용\n      카드 태그 → 사용자 전환 → HTML 버튼으로 시작/종료\n      기존 대시보드 버튼 방식 유지. 카드는 \"나 이 사람이야\" 역할만.","choice":"a","id":null,"timestamp":1775091623140}
{"source":"user-event","type":"click","text":"A\n    \n      로그인 전용\n      카드 태그 → 사용자 전환 → HTML 버튼으로 시작/종료\n      기존 대시보드 버튼 방식 유지. 카드는 \"나 이 사람이야\" 역할만.","choice":"a","id":null,"timestamp":1775091623357}
{"source":"user-event","type":"click","text":"A\n    \n      로그인 전용\n      카드 태그 → 사용자 전환 → HTML 버튼으로 시작/종료\n      기존 대시보드 버튼 방식 유지. 카드는 \"나 이 사람이야\" 역할만.","choice":"a","id":null,"timestamp":1775091623740}
{"source":"user-event","type":"click","text":"A\n    \n      로그인 전용\n      카드 태그 → 사용자 전환 → HTML 버튼으로 시작/종료\n      기존 대시보드 버튼 방식 유지. 카드는 \"나 이 사람이야\" 역할만.","choice":"a","id":null,"timestamp":1775091623907}
{"source":"user-event","type":"click","text":"A\n    \n      로그인 전용\n      카드 태그 → 사용자 전환 → HTML 버튼으로 시작/종료\n      기존 대시보드 버튼 방식 유지. 카드는 \"나 이 사람이야\" 역할만.","choice":"a","id":null,"timestamp":1775091624091}
{"source":"user-event","type":"click","text":"A\n    \n      로그인 전용\n      카드 태그 → 사용자 전환 → HTML 버튼으로 시작/종료\n      기존 대시보드 버튼 방식 유지. 카드는 \"나 이 사람이야\" 역할만.","choice":"a","id":null,"timestamp":1775091624274}
{"source":"user-event","type":"click","text":"A\n    \n      로그인 전용\n      카드 태그 → 사용자 전환 → HTML 버튼으로 시작/종료\n      기존 대시보드 버튼 방식 유지. 카드는 \"나 이 사람이야\" 역할만.","choice":"a","id":null,"timestamp":1775091624674}
{"type":"screen-added","file":"/Users/chanpark/fitness-pico/.superpowers/brainstorm/9209-1775091448/content/user-count.html"}
{"source":"user-event","type":"click","text":"B\n    \n      동적 등록 (대시보드에서 추가)\n      웹 대시보드에서 \"새 카드 등록\" → 이름 입력 → 저장\n      카드 UID + 이름을 Pico 플래시에 저장. 재시작해도 유지.","choice":"b","id":null,"timestamp":1775091731391}
{"source":"user-event","type":"click","text":"B\n    \n      동적 등록 (대시보드에서 추가)\n      웹 대시보드에서 \"새 카드 등록\" → 이름 입력 → 저장\n      카드 UID + 이름을 Pico 플래시에 저장. 재시작해도 유지.","choice":"b","id":null,"timestamp":1775091740623}
{"type":"screen-added","file":"/Users/chanpark/fitness-pico/.superpowers/brainstorm/9209-1775091448/content/user-stats.html"}
{"source":"user-event","type":"click","text":"A\n    \n      오늘 운동 요약\n      오늘 총 렙수 · 세트수 · 운동 시간 · 소모 칼로리","choice":"a","id":null,"timestamp":1775091780390}
{"source":"user-event","type":"click","text":"B\n    \n      누적 기록\n      가입 이후 총 렙수 · 총 세트수 · 총 운동 시간","choice":"b","id":null,"timestamp":1775091781840}
{"source":"user-event","type":"click","text":"C\n    \n      날짜별 히스토리\n      날짜별 렙수 그래프 (최근 7일)","choice":"c","id":null,"timestamp":1775091782473}
{"source":"user-event","type":"click","text":"D\n    \n      개인 목표 설정\n      사용자마다 목표 세트수·렙수 다르게 설정","choice":"d","id":null,"timestamp":1775091784473}
{"type":"screen-added","file":"/Users/chanpark/fitness-pico/.superpowers/brainstorm/9209-1775091448/content/approach.html"}
{"source":"user-event","type":"click","text":"A\n    \n      Sensor 보드에 RFID 연결 ★ 추천\n      MFRC522 → Sensor 보드(SPI) → MQTT로 UID 발행 → Dashboard가 사용자 매핑 처리\n      \n        ✓ 배선 단순 (Sensor 보드 근처에 리더기 설치)\n        ✓ Dashboard가 모든 사용자 데이터 중앙 관리\n        ✓ 플래시 저장도 Dashboard 보드 한 곳에서만\n        ✗ Sensor 보드 코드가 조금 늘어남","choice":"a","id":null,"timestamp":1775091883090}
{"type":"screen-added","file":"/Users/chanpark/fitness-pico/.superpowers/brainstorm/9209-1775091448/content/design-overview.html"}
{"type":"server-stopped","reason":"idle timeout"}
